2025-10-27 14:43:37,248 - werkzeug - WARNING -  * Debugger is active!
2025-10-27 14:43:37,256 - werkzeug - INFO -  * Debugger PIN: 527-412-432
2025-10-27 14:45:21,616 - werkzeug - INFO -  * Detected change in 'c:\\Users\\rsade\\Desktop\\EnvanterQR\\EnvanterQR\\app.py', reloading
2025-10-27 14:45:24,454 - werkzeug - WARNING -  * Debugger is active!
2025-10-27 14:45:24,477 - werkzeug - INFO -  * Debugger PIN: 527-412-432
2025-10-27 14:45:29,556 - werkzeug - INFO -  * Detected change in 'c:\\Users\\rsade\\Desktop\\EnvanterQR\\EnvanterQR\\app.py', reloading
2025-10-27 14:45:32,147 - werkzeug - WARNING -  * Debugger is active!
2025-10-27 14:45:32,169 - werkzeug - INFO -  * Debugger PIN: 527-412-432
2025-10-27 15:24:41,261 - werkzeug - INFO -  * Restarting with stat
2025-10-27 15:24:43,950 - werkzeug - WARNING -  * Debugger is active!
2025-10-27 15:24:43,954 - werkzeug - INFO -  * Debugger PIN: 527-412-432
2025-10-27 15:27:09,810 - werkzeug - INFO -  * Detected change in 'c:\\Users\\rsade\\Desktop\\EnvanterQR\\EnvanterQR\\app.py', reloading
2025-10-27 15:27:09,999 - werkzeug - INFO -  * Restarting with stat
2025-10-27 15:27:15,210 - werkzeug - WARNING -  * Debugger is active!
2025-10-27 15:27:15,222 - werkzeug - INFO -  * Debugger PIN: 527-412-432
2025-10-27 16:06:27,542 - werkzeug - INFO -  * Detected change in 'c:\\Users\\rsade\\Desktop\\EnvanterQR\\EnvanterQR\\app.py', reloading
2025-10-27 16:06:27,778 - werkzeug - INFO -  * Restarting with stat
2025-10-27 16:06:30,782 - werkzeug - WARNING -  * Debugger is active!
2025-10-27 16:06:30,814 - werkzeug - INFO -  * Debugger PIN: 527-412-432
2025-10-27 16:06:40,969 - werkzeug - INFO -  * Detected change in 'c:\\Users\\rsade\\Desktop\\EnvanterQR\\EnvanterQR\\app.py', reloading
2025-10-27 16:06:41,167 - werkzeug - INFO -  * Restarting with stat
2025-10-27 16:06:43,513 - werkzeug - WARNING -  * Debugger is active!
2025-10-27 16:06:43,518 - werkzeug - INFO -  * Debugger PIN: 527-412-432
2025-10-27 16:06:56,694 - werkzeug - INFO -  * Detected change in 'c:\\Users\\rsade\\Desktop\\EnvanterQR\\EnvanterQR\\app.py', reloading
2025-10-27 16:06:56,902 - werkzeug - INFO -  * Restarting with stat
2025-10-27 16:06:59,301 - werkzeug - WARNING -  * Debugger is active!
2025-10-27 16:06:59,308 - werkzeug - INFO -  * Debugger PIN: 527-412-432
2025-10-27 16:07:10,508 - werkzeug - INFO -  * Detected change in 'c:\\Users\\rsade\\Desktop\\EnvanterQR\\EnvanterQR\\app.py', reloading
2025-10-27 16:07:10,713 - werkzeug - INFO -  * Restarting with stat
2025-10-27 16:07:13,152 - werkzeug - WARNING -  * Debugger is active!
2025-10-27 16:07:13,174 - werkzeug - INFO -  * Debugger PIN: 527-412-432
2025-10-27 16:07:46,631 - werkzeug - INFO -  * Detected change in 'c:\\Users\\rsade\\Desktop\\EnvanterQR\\EnvanterQR\\app.py', reloading
2025-10-27 16:07:46,837 - werkzeug - INFO -  * Restarting with stat
2025-10-27 16:07:49,306 - werkzeug - WARNING -  * Debugger is active!
2025-10-27 16:07:49,328 - werkzeug - INFO -  * Debugger PIN: 527-412-432
2025-10-27 16:08:18,697 - werkzeug - INFO -  * Detected change in 'c:\\Users\\rsade\\Desktop\\EnvanterQR\\EnvanterQR\\app.py', reloading
2025-10-27 16:08:18,915 - werkzeug - INFO -  * Restarting with stat
2025-10-27 16:08:21,318 - werkzeug - WARNING -  * Debugger is active!
2025-10-27 16:08:21,318 - werkzeug - INFO -  * Debugger PIN: 527-412-432
2025-10-27 16:08:46,616 - werkzeug - INFO -  * Detected change in 'c:\\Users\\rsade\\Desktop\\EnvanterQR\\EnvanterQR\\app.py', reloading
2025-10-27 16:08:46,852 - werkzeug - INFO -  * Restarting with stat
2025-10-27 16:08:49,202 - werkzeug - WARNING -  * Debugger is active!
2025-10-27 16:08:49,217 - werkzeug - INFO -  * Debugger PIN: 527-412-432
2025-10-27 16:13:24,660 - werkzeug - INFO -  * Restarting with stat
2025-10-27 16:13:26,989 - werkzeug - WARNING -  * Debugger is active!
2025-10-27 16:13:26,994 - werkzeug - INFO -  * Debugger PIN: 527-412-432
2025-10-27 16:39:53,643 - werkzeug - INFO -  * Detected change in 'c:\\Users\\rsade\\Desktop\\EnvanterQR\\EnvanterQR\\app.py', reloading
2025-10-27 16:39:53,824 - werkzeug - INFO -  * Restarting with stat
2025-10-27 16:40:03,422 - werkzeug - INFO -  * Restarting with stat
2025-10-27 16:40:05,837 - werkzeug - WARNING -  * Debugger is active!
2025-10-27 16:40:05,843 - werkzeug - INFO -  * Debugger PIN: 527-412-432
2025-10-27 16:47:57,209 - werkzeug - INFO -  * Detected change in 'c:\\Users\\rsade\\Desktop\\EnvanterQR\\EnvanterQR\\app.py', reloading
2025-10-27 16:47:57,438 - werkzeug - INFO -  * Restarting with stat
2025-10-27 16:48:01,850 - werkzeug - WARNING -  * Debugger is active!
2025-10-27 16:48:01,867 - werkzeug - INFO -  * Debugger PIN: 527-412-432
2025-10-27 16:50:18,375 - werkzeug - INFO -  * Detected change in 'c:\\Users\\rsade\\Desktop\\EnvanterQR\\EnvanterQR\\b2_storage.py', reloading
2025-10-27 16:50:18,677 - werkzeug - INFO -  * Restarting with stat
2025-10-27 16:50:21,851 - werkzeug - WARNING -  * Debugger is active!
2025-10-27 16:50:21,860 - werkzeug - INFO -  * Debugger PIN: 527-412-432
2025-10-27 17:30:01,371 - werkzeug - INFO -  * Detected change in 'c:\\Users\\rsade\\Desktop\\EnvanterQR\\EnvanterQR\\b2_storage.py', reloading
2025-10-27 17:30:01,629 - werkzeug - INFO -  * Restarting with stat
2025-10-27 17:30:04,956 - werkzeug - WARNING -  * Debugger is active!
2025-10-27 17:30:04,968 - werkzeug - INFO -  * Debugger PIN: 527-412-432
2025-10-28 00:57:36,667 - werkzeug - INFO -  * Detected change in 'c:\\Users\\rsade\\Desktop\\EnvanterQR\\EnvanterQR\\startup.py', reloading
2025-10-28 00:57:36,839 - werkzeug - INFO -  * Restarting with stat
2025-10-28 00:57:42,379 - werkzeug - WARNING -  * Debugger is active!
2025-10-28 00:57:42,379 - werkzeug - INFO -  * Debugger PIN: 527-412-432
2025-10-28 01:00:44,288 - werkzeug - INFO -  * Detected change in 'c:\\Users\\rsade\\Desktop\\EnvanterQR\\EnvanterQR\\startup.py', reloading
2025-10-28 01:00:44,640 - werkzeug - INFO -  * Restarting with stat
2025-10-28 01:00:47,289 - werkzeug - WARNING -  * Debugger is active!
2025-10-28 01:00:47,296 - werkzeug - INFO -  * Debugger PIN: 527-412-432
2025-10-28 01:01:52,181 - werkzeug - INFO -  * Detected change in 'c:\\Users\\rsade\\Desktop\\EnvanterQR\\EnvanterQR\\run_direct.py', reloading
2025-10-28 01:01:52,329 - werkzeug - INFO -  * Restarting with stat
2025-10-28 01:01:54,750 - werkzeug - WARNING -  * Debugger is active!
2025-10-28 01:01:54,754 - werkzeug - INFO -  * Debugger PIN: 527-412-432
2025-10-28 01:05:54,301 - werkzeug - INFO -  * Detected change in 'c:\\Users\\rsade\\Desktop\\EnvanterQR\\EnvanterQR\\startup.py', reloading
2025-10-28 01:05:54,540 - werkzeug - INFO -  * Restarting with stat
2025-10-28 01:05:57,718 - werkzeug - WARNING -  * Debugger is active!
2025-10-28 01:05:57,723 - werkzeug - INFO -  * Debugger PIN: 527-412-432
2025-10-28 01:06:26,011 - werkzeug - INFO -  * Detected change in 'c:\\Users\\rsade\\Desktop\\EnvanterQR\\EnvanterQR\\app.py', reloading
2025-10-28 01:06:26,233 - werkzeug - INFO -  * Restarting with stat
2025-10-28 01:06:29,430 - werkzeug - WARNING -  * Debugger is active!
2025-10-28 01:06:29,436 - werkzeug - INFO -  * Debugger PIN: 527-412-432
2025-10-28 01:06:40,582 - werkzeug - INFO -  * Detected change in 'c:\\Users\\rsade\\Desktop\\EnvanterQR\\EnvanterQR\\run_direct.py', reloading
2025-10-28 01:06:40,867 - werkzeug - INFO -  * Restarting with stat
2025-10-28 01:06:43,412 - werkzeug - WARNING -  * Debugger is active!
2025-10-28 01:06:43,426 - werkzeug - INFO -  * Debugger PIN: 527-412-432
2025-10-28 01:07:48,314 - werkzeug - INFO -  * Detected change in 'c:\\Users\\rsade\\Desktop\\EnvanterQR\\EnvanterQR\\run_direct.py', reloading
2025-10-28 01:07:48,503 - werkzeug - INFO -  * Restarting with stat
2025-10-28 01:07:51,245 - werkzeug - WARNING -  * Debugger is active!
2025-10-28 01:07:51,251 - werkzeug - INFO -  * Debugger PIN: 527-412-432
